debuggroup conf 0.08s welcome to circos 0.56-pre4
debuggroup conf 0.08s loading configuration from file etc/circos.conf
debuggroup conf 0.08s looking for conf file etc/circos.conf
debuggroup conf 0.08s found conf file etc/circos.conf
debuggroup summary 0.35s debug will appear for these features: summary,summary,timer,textplace
debuggroup summary 0.36s parsing karyotype and organizing ideograms
debuggroup summary 0.63s applying global and local scaling
debuggroup summary 0.71s allocating image, colors and brushes
debuggroup summary 1.67s drawing highlights and ideograms
debuggroup summary 3.50s drawing link track ratbundle
debuggroup summary 3.50s drawing link track mousebundle
debuggroup summary 3.50s reading data for text track exampledata/genes.txt
debuggroup summary 3.97s placing text track exampledata/genes.txt
debuggroup summary 3.97s ... see progress with -debug_group text
debuggroup summary 3.97s ... see placement summary with -debug_group textplace
debuggroup textplace 50.04s placed hs4 41057560 41395767 DKFZP686A01247
debuggroup textplace 50.05s placed hs8 71186820 71478574 NCOA2,Q15596
debuggroup textplace 50.05s placed hs9 111582397 111974612 PALM2-AKAP2
debuggroup textplace 50.05s placed hs9 111582409 111974610 PALM2-AKAP2
debuggroup textplace 50.06s placed hs3 170349579 170864168 MDS1,Q13465
debuggroup textplace 50.06s placed hs1 76312991 76869220 ST6GALNAC3
debuggroup textplace 50.06s placed hs18 6019386 6404901 L3000000TL4
debuggroup textplace 50.07s placed hs9 94127561 94417256 RP11-19J3.3
debuggroup textplace 50.07s placed hs12 128122225 128954166 TMEM132D
debuggroup textplace 50.07s placed hs15 82113841 82499597 ADAMTSL3
debuggroup textplace 50.08s placed hs12 124377114 124709542 TMEM132B
debuggroup textplace 50.08s placed hs15 98329165 98699706 ADAMTS17
debuggroup textplace 50.08s placed hs5 128824001 129102275 ADAMTS19
debuggroup textplace 50.08s placed hs5 33563045 33927881 ADAMTS12
debuggroup textplace 50.08s not_placed hs2 143603432 144242390 ARHGAP15
debuggroup textplace 50.08s placed hs3 54131732 55083622 CACNA2D3
debuggroup textplace 50.09s placed hs4 148872902 149213376 ARHGAP10
debuggroup textplace 50.09s placed hs4 86615307 87142846 ARHGAP24
debuggroup textplace 50.09s placed hs5 142130475 142588764 ARHGAP26
debuggroup textplace 50.09s placed hs7 81417353 81910967 CACNA2D1
debuggroup textplace 50.09s placed hs10 105343775 105605154 SH3PXD2A
debuggroup textplace 50.10s placed hs1 172395256 173193949 RABGAP1L
debuggroup textplace 50.10s placed hs22 45537212 45948386 TBC1D22A
debuggroup textplace 50.10s not_placed hs3 176059804 177006122 NAALADL2
debuggroup textplace 50.10s placed hs13 106618879 107317084 LOC728215
debuggroup textplace 50.10s placed hs2 158736724 159021460 LOC130940
debuggroup textplace 50.10s placed hs4 178886900 179148663 LOC285501
debuggroup textplace 50.11s placed hs8 85258007 85996633 LOC138046
debuggroup textplace 50.11s placed hs8 85258140 85996633 LOC138046
debuggroup textplace 50.11s placed hs8 85259654 85996633 LOC138046
debuggroup textplace 50.11s placed hs12 99712715 100046539 TMEM16D
debuggroup textplace 50.11s placed hs18 64533470 64873406 CCDC102B
debuggroup textplace 50.12s placed hs18 64616296 64873406 CCDC102B
debuggroup textplace 50.12s placed hs3 43382821 43638564 TMEM16K
debuggroup textplace 50.12s placed hs8 124933407 125201482 C8ORFK23
debuggroup textplace 50.12s placed hs8 139211449 139578247 C8ORFK32
debuggroup textplace 50.12s placed hs11 26310253 26641412 TMEM16C
debuggroup textplace 50.13s placed hs12 5542080 5925659 TMEM16B
debuggroup textplace 50.13s placed hs4 107186688 107456834 MGC16169
debuggroup textplace 50.13s placed hs4 73365550 73653380 ADAMTS3
debuggroup textplace 50.13s placed hs4 77575276 77923427 SHROOM3
debuggroup textplace 50.13s placed hs4 81475897 82103920 MGC35043
debuggroup textplace 50.14s placed hs4 91375204 91922173 MGC48628
debuggroup textplace 50.14s placed hs4 98699056 99283414 MGC46496
debuggroup textplace 50.14s placed hs5 133444644 133775488 MGC13017
debuggroup textplace 50.14s placed hs5 64480319 64813460 ADAMTS6
debuggroup textplace 50.14s placed hs9 127239494 127509334 MAPKAP1
debuggroup textplace 50.15s placed hs11 86426712 86712216 TMEM135
debuggroup textplace 50.15s placed hs12 42516228 43069807 TMEM117
debuggroup textplace 50.15s placed hs13 35243477 35603443 DCAMKL1
debuggroup textplace 50.15s placed hs2 134930029 135193040 TMEM163
debuggroup textplace 50.15s placed hs3 134239942 134597745 TMEM108
debuggroup textplace 50.16s placed hs5 111526213 111782909 EPB41L4A
debuggroup textplace 50.16s placed hs9 125181753 125732238 DENND1A
debuggroup textplace 50.16s placed hs9 125203690 125732238 DENND1A
debuggroup textplace 50.16s placed hs11 116803698 117173186 DSCAML1
debuggroup textplace 50.16s placed hs16 74868676 75150636 CNTNAP4
debuggroup textplace 50.17s placed hs19 13178256 13478274 CACNA1A
debuggroup textplace 50.17s placed hs2 124499333 125389331 CNTNAP5
debuggroup textplace 50.17s placed hs3 53504115 53821000 CACNA1D
debuggroup textplace 50.17s placed hs6 62447823 63054091 KHDRBS2
debuggroup textplace 50.17s placed hs7 145444385 147749019 CNTNAP2
debuggroup textplace 50.17s placed hs7 70235724 70816519 WBSCR17
debuggroup textplace 50.18s placed hs11 102485369 102855801 DYNC2H1
debuggroup textplace 50.18s placed hs12 2032724 2677376 CACNA1C
debuggroup textplace 50.18s placed hs14 36218828 36711616 SLC25A21
debuggroup textplace 50.18s placed hs16 12053555 12575647 LOC92017
debuggroup textplace 50.18s placed hs17 68153683 68600427 SLC39A11
debuggroup textplace 50.19s placed hs18 33077827 33399941 BRUNOL4
debuggroup textplace 50.19s placed hs1 179719338 180037336 CACNA1E
debuggroup textplace 50.19s placed hs2 63202040 63518590 LOC51057
debuggroup textplace 50.19s placed hs6 12825818 13395507 PHACTR1
debuggroup textplace 50.19s placed hs6 157722544 158014964 ZDHHC14
debuggroup textplace 50.20s placed hs10 24023680 24876778 KIAA1217
debuggroup textplace 50.20s placed hs10 24537725 24876778 KIAA1217
debuggroup textplace 50.20s placed hs11 106063119 106394381 GUCY1A2
debuggroup textplace 50.20s placed hs11 116219329 116474203 KIAA0999
debuggroup textplace 50.20s placed hs11 35922187 36209417 LDLRAD3
debuggroup textplace 50.21s placed hs13 28496747 28978084 KIAA0774
debuggroup textplace 50.21s placed hs13 41038961 41433221 KIAA0564
debuggroup textplace 50.21s placed hs14 92869317 93243442 KIAA1409
debuggroup textplace 50.21s placed hs17 76133219 76554768 KIAA1303
debuggroup textplace 50.21s placed hs18 32663077 33059285 KIAA1328
debuggroup textplace 50.21s placed hs18 44319424 44643582 KIAA0427
debuggroup textplace 50.22s placed hs1 14797799 15264879 KIAA1026
debuggroup textplace 50.22s placed hs2 225973845 226226978 KIAA1486
debuggroup textplace 50.22s placed hs3 189542137 189913324 NP005569
debuggroup textplace 50.22s not_placed hs5 170221599 170659623 RANBP17
debuggroup textplace 50.22s placed hs8 48336094 48811028 KIAA0146
debuggroup textplace 50.22s placed hs9 20648308 20985954 KIAA1797
debuggroup textplace 50.23s placed hs10 14600564 14856902 FAM107B
debuggroup textplace 50.23s placed hs11 11249001 11600128 GALNTL4
debuggroup textplace 50.23s placed hs12 60388309 60872818 FAM19A2
debuggroup textplace 50.23s placed hs14 46379045 46882145 MAMDC1
debuggroup textplace 50.23s placed hs14 80032576 80475637 C14orf145
debuggroup textplace 50.24s placed hs20 13924145 15981839 C20orf133
debuggroup textplace 50.24s placed hs20 15125503 15981839 C20orf133
debuggroup textplace 50.24s placed hs22 47263951 47533750 FAM19A5
debuggroup textplace 50.24s placed hs2 154436671 155018735 GALNT13
debuggroup textplace 50.24s placed hs2 173308770 173625866 RAPGEF4
debuggroup textplace 50.25s placed hs3 122109608 122621338 STXBP5L
debuggroup textplace 50.25s placed hs3 68136143 68677459 FAM19A1
debuggroup textplace 50.25s placed hs4 172971231 174199284 GALNT17
debuggroup textplace 50.25s placed hs5 145949260 146238352 PPP2R2B
debuggroup textplace 50.25s not_placed hs5 80292313 80557709 RASGRF2
debuggroup textplace 50.25s placed hs7 94374884 94763661 PPP1R9A
debuggroup textplace 50.26s placed hs3 174089843 174341695 SPATA16
debuggroup textplace 50.26s placed hs9 128716873 129025264 RALGPS1
debuggroup textplace 50.26s placed hs10 12431588 12908141 CAMK1D
debuggroup textplace 50.26s placed hs10 51735351 52053743 TMEM23
debuggroup textplace 50.26s placed hs10 78299369 79067583 KCNMA1
debuggroup textplace 50.26s placed hs10 78314641 79067583 KCNMA1
debuggroup textplace 50.27s placed hs14 67356261 68014562 RAD51L1
debuggroup textplace 50.27s placed hs15 84486245 85373287 FLJ32310
debuggroup textplace 50.27s placed hs15 90197949 90507780 SLCO3A1
debuggroup textplace 50.27s placed hs17 62804385 63120107 PITPNC1
debuggroup textplace 50.27s placed hs1 59535327 60000986 FLJ10986
debuggroup textplace 50.28s placed hs1 85967505 86394709 COL24A1
debuggroup textplace 50.28s placed hs22 42255986 42539451 FLJ23588
debuggroup textplace 50.28s placed hs3 179736917 180044910 KCNMB2
debuggroup textplace 50.28s not_placed hs3 179759311 180044910 KCNMB2
debuggroup textplace 50.28s not_placed hs3 31677321 31998242 OSBPL10
debuggroup textplace 50.28s placed hs3 58702776 59010755 FLJ42117
debuggroup textplace 50.28s placed hs4 109954420 110443248 COL25A1
debuggroup textplace 50.29s placed hs4 109964489 110443248 COL25A1
debuggroup textplace 50.29s placed hs4 114593021 114902177 CAMK2D
debuggroup textplace 50.29s not_placed hs4 114595013 114902177 CAMK2D
debuggroup textplace 50.29s not_placed hs4 114597792 114902177 CAMK2D
debuggroup textplace 50.29s placed hs5 177597224 177950162 COL23A1
debuggroup textplace 50.29s placed hs6 70633168 70978878 COL19A1
debuggroup textplace 50.29s not_placed hs7 120416031 120724733 FLJ21986
debuggroup textplace 50.29s not_placed hs7 15206467 15568165 FLJ16237
debuggroup textplace 50.29s placed hs7 88226688 88804280 FLJ32110
debuggroup textplace 50.30s placed hs8 139669660 139995418 COL22A1
debuggroup textplace 50.30s placed hs10 127693414 128067055 ADAM12
debuggroup textplace 50.30s placed hs10 127719903 128067055 ADAM12
debuggroup textplace 50.30s placed hs12 84896655 85756776 MGAT4C
debuggroup textplace 50.30s placed hs13 76516792 76799178 MYCBP2
debuggroup textplace 50.31s placed hs1 6767970 7752350 CAMTA1
debuggroup textplace 50.31s placed hs4 95898150 96295099 BMPR1B
debuggroup textplace 50.31s placed hs7 95239837 95565658 DYNC1I1
debuggroup textplace 50.31s placed hs10 1218073 1769670 ADARB2
debuggroup textplace 50.31s placed hs10 13725712 14412872 FRMD4A
debuggroup textplace 50.31s placed hs11 124539768 124808493 PKNOX2
debuggroup textplace 50.32s placed hs11 125799612 126375701 KIRREL3
debuggroup textplace 50.32s placed hs12 114880765 115199526 THRAP2
debuggroup textplace 50.32s placed hs12 18305740 18692615 PIK3C2G
debuggroup textplace 50.32s placed hs12 38435091 38785928 SLC2A13
debuggroup textplace 50.32s placed hs12 970664 1472958 RAB6IP2
debuggroup textplace 50.33s placed hs12 97653201 98072603 ANKS1B
debuggroup textplace 50.33s placed hs12 97662126 98072603 ANKS1B
debuggroup textplace 50.33s placed hs17 51585834 51915006 ANKFN1
debuggroup textplace 50.33s placed hs1 75444868 75849357 SLC44A5
debuggroup textplace 50.33s placed hs20 19141289 19651540 SLC24A3
debuggroup textplace 50.33s placed hs22 24468119 24757007 MYO18B
debuggroup textplace 50.34s placed hs22 38770766 39061757 TNRC6B
debuggroup textplace 50.34s placed hs2 135674045 136005276 ZRANB3
debuggroup textplace 50.34s placed hs2 137464931 138151757 THSD7B
debuggroup textplace 50.34s placed hs2 162189090 162550032 SLC4A10
debuggroup textplace 50.34s placed hs3 127905807 128161934 CHCHD6
debuggroup textplace 50.35s placed hs4 147395627 147662535 SLC10A7
debuggroup textplace 50.35s placed hs5 11024951 11957110 CTNND2
debuggroup textplace 50.35s placed hs7 11380695 11838349 THSD7A
debuggroup textplace 50.35s placed hs7 132120162 132417368 CHCHD3
debuggroup textplace 50.35s placed hs9 19505977 19776926 SLC24A2
debuggroup textplace 50.35s placed hs9 70510435 70813910 PIP5K1B
debuggroup textplace 50.36s placed hs10 11087264 11418678 CUGBP2
debuggroup textplace 50.36s placed hs10 11099898 11418678 CUGBP2
debuggroup textplace 50.36s placed hs10 116843113 117698484 ATRNL1
debuggroup textplace 50.36s placed hs10 18469611 18870694 CACNB2
debuggroup textplace 50.36s not_placed hs10 18469815 18870694 CACNB2
debuggroup textplace 50.36s not_placed hs10 18589589 18870694 CACNB2
debuggroup textplace 50.36s placed hs10 32896656 33211796 C10orf68
debuggroup textplace 50.37s placed hs10 67349936 69125933 CTNNA3
debuggroup textplace 50.37s placed hs10 73797103 74055905 CBARA1
debuggroup textplace 50.37s placed hs10 77212524 77987132 C10orf11
debuggroup textplace 50.37s placed hs10 90023600 90332988 C10orf59
debuggroup textplace 50.37s placed hs10 90034695 90332950 C10orf59
debuggroup textplace 50.37s placed hs13 100504130 100866814 VGCNL1
debuggroup textplace 50.38s placed hs15 24799262 25451729 GABRG3
debuggroup textplace 50.38s placed hs15 47407883 47700410 C15orf33
debuggroup textplace 50.38s placed hs15 65622074 65886505 MAP2K5
debuggroup textplace 50.38s placed hs16 23754822 24134808 PRKCB1
debuggroup textplace 50.38s placed hs17 74597021 74990158 HRNBP3
debuggroup textplace 50.39s placed hs18 28771586 29274683 C18orf34
debuggroup textplace 50.39s placed hs1 160306204 160604852 NOS1AP
debuggroup textplace 50.39s placed hs1 232107301 232526885 SLC35F3
debuggroup textplace 50.39s placed hs1 2975603 3345043 PRDM16
debuggroup textplace 50.39s placed hs20 16200748 16502078 C20orf23
debuggroup textplace 50.40s placed hs20 19981195 20289349 C20orf26
debuggroup textplace 50.40s placed hs20 20321411 20641266 C20orf74
debuggroup textplace 50.40s placed hs21 16364712 16901413 C21orf34
debuggroup textplace 50.40s placed hs21 16488569 16901413 C21orf34
debuggroup textplace 50.40s placed hs2 109112428 109619489 SH3MD4
debuggroup textplace 50.41s placed hs2 205118760 206188782 PARD3B
debuggroup textplace 50.41s placed hs2 225338050 225615574 DOCK10
debuggroup textplace 50.41s placed hs2 72259951 72906685 EXOC6B
debuggroup textplace 50.41s placed hs2 79593633 80729415 CTNNA2
debuggroup textplace 50.41s placed hs3 157321041 157739087 KCNAB1
debuggroup textplace 50.41s placed hs3 157343444 157739087 KCNAB1
debuggroup textplace 50.42s placed hs3 17174902 17757403 TBC1D5
debuggroup textplace 50.42s placed hs3 173241079 173601180 FNDC3B
debuggroup textplace 50.42s placed hs4 46728335 47123202 GABRB1
debuggroup textplace 50.42s not_placed hs5 160648013 160907708 GABRB2
debuggroup textplace 50.42s placed hs5 9088137 9599233 SEMA5A
debuggroup textplace 50.42s placed hs6 118335381 118745523 SLC35F1
debuggroup textplace 50.43s placed hs6 121442325 121697343 C6orf170
debuggroup textplace 50.43s placed hs6 37895610 38230375 ZFAND3
debuggroup textplace 50.43s placed hs7 157024515 158073179 PTPRN2
debuggroup textplace 50.43s placed hs7 1821953 2239109 MAD1L1
debuggroup textplace 50.43s placed hs7 21549357 21907980 DNAH11
debuggroup textplace 50.43s placed hs8 119270875 119703365 SAMD12
debuggroup textplace 50.44s placed hs8 63324054 64066182 FAM77D
debuggroup textplace 50.44s placed hs9 100090186 100511300 GABBR2
debuggroup textplace 50.44s placed hs10 20145377 20609121 PLXDC2
debuggroup textplace 50.44s placed hs10 55250865 56231057 PCDH15
debuggroup textplace 50.44s placed hs12 106236326 106577549 BTBD11
debuggroup textplace 50.44s placed hs13 24844208 25493419 ATP8A2
debuggroup textplace 50.45s placed hs13 95251838 95503638 UGCGL2
debuggroup textplace 50.45s placed hs14 35077309 35348183 GARNL1
debuggroup textplace 50.45s placed hs15 47937727 48198711 ATP8B4
debuggroup textplace 50.45s placed hs15 83724874 84093590 AKAP13
debuggroup textplace 50.45s placed hs18 3488836 3835296 DLGAP1
debuggroup textplace 50.46s placed hs18 53862777 54216369 NEDD4L
debuggroup textplace 50.46s placed hs19 43089707 43390846 SIPA1L3
debuggroup textplace 50.46s placed hs2 236067474 236698853 CENTG2
debuggroup textplace 50.46s placed hs3 115540212 116348817 ZBTB20
debuggroup textplace 50.46s placed hs3 152287365 152634499 MED12L
debuggroup textplace 50.46s not_placed hs4 102163609 102487376 PPP3CA
debuggroup textplace 50.46s not_placed hs4 124063678 124455252 SPATA5
debuggroup textplace 50.46s placed hs4 167891112 168392316 SPOCK3
debuggroup textplace 50.47s placed hs5 136338887 136862917 SPOCK1
debuggroup textplace 50.47s placed hs5 143530629 143837137 KCTD16
debuggroup textplace 50.47s placed hs5 159922704 160211797 ATP10B
debuggroup textplace 50.47s placed hs6 20642666 21339743 CDKAL1
debuggroup textplace 50.47s placed hs6 44904448 45453648 SUPT3H
debuggroup textplace 50.48s placed hs6 44905427 45453553 SUPT3H
debuggroup textplace 50.48s placed hs7 110090345 110989583 IMMP2L
debuggroup textplace 50.48s not_placed hs7 121745713 122313790 CADPS2
debuggroup textplace 50.48s placed hs7 48208388 48657637 ABCA13
debuggroup textplace 50.48s placed hs7 82831157 83116260 SEMA3E
debuggroup textplace 50.48s placed hs9 6747653 7165647 JMJD2C
debuggroup textplace 50.48s placed hs10 106390848 107014983 SORCS3
debuggroup textplace 50.49s placed hs10 108323411 108914282 SORCS1
debuggroup textplace 50.49s placed hs11 72225438 72530739 FCHSD2
debuggroup textplace 50.49s placed hs12 28301399 28594365 CCDC91
debuggroup textplace 50.49s placed hs12 62524807 62823827 SRGAP1
debuggroup textplace 50.49s placed hs15 52092392 52708098 UNC13C
debuggroup textplace 50.50s placed hs15 63974692 64333129 MEGF11
debuggroup textplace 50.50s placed hs18 40535466 40898771 SETBP1
debuggroup textplace 50.50s placed hs1 12212699 12494683 VPS13D
debuggroup textplace 50.50s placed hs1 225244189 225572449 CDC42A
debuggroup textplace 50.50s placed hs1 231186504 231498082 PCNXL2
debuggroup textplace 50.50s placed hs1 74473672 74782696 TNNI3K
debuggroup textplace 50.51s placed hs2 178196222 178461712 PDE11A
debuggroup textplace 50.51s not_placed hs2 178202372 178495810 PDE11A
debuggroup textplace 50.51s not_placed hs3 8997277 9266311 SRGAP3
debuggroup textplace 50.51s placed hs4 7245372 7795463 SORCS2
debuggroup textplace 50.51s placed hs6 165664524 165995575 PDE10A
debuggroup textplace 50.51s placed hs6 57290380 57621334 PRIM2A
debuggroup textplace 50.51s placed hs7 39012932 39470915 POU6F2
debuggroup textplace 50.52s placed hs9 27938527 28709303 LRRN6C
debuggroup textplace 50.52s placed hs12 103374907 103676013 CHST11
debuggroup textplace 50.52s placed hs13 59137725 59636120 DIAPH3
debuggroup textplace 50.52s placed hs14 36736906 37090215 MIPOL1
debuggroup textplace 50.52s placed hs1 176330252 176710178 RASAL2
debuggroup textplace 50.52s placed hs2 121811824 122123522 CLASP1
debuggroup textplace 50.53s not_placed hs3 141136896 141769320 CLSTN2
debuggroup textplace 50.53s placed hs3 184378524 184628549 MCF2L2
debuggroup textplace 50.53s placed hs3 23219811 23607074 UBE2E2
debuggroup textplace 50.53s placed hs3 67507835 67787698 SUCLG2
debuggroup textplace 50.53s placed hs4 5104427 5553626 STK32B
debuggroup textplace 50.53s placed hs6 157140777 157572093 ARID1B
debuggroup textplace 50.54s not_placed hs10 25504295 25931161 GPR158
debuggroup textplace 50.54s placed hs12 13605410 14024319 GRIN2B
debuggroup textplace 50.54s placed hs13 95541093 96289812 HS6ST3
debuggroup textplace 50.54s placed hs15 74427592 74963247 ZNF291
debuggroup textplace 50.54s placed hs16 25610847 26056509 HS3ST4
debuggroup textplace 50.54s placed hs16 48082022 48418419 ZNF423
debuggroup textplace 50.55s placed hs16 9762922 10184112 GRIN2A
debuggroup textplace 50.55s placed hs17 27843740 28228015 MYO1D
debuggroup textplace 50.55s placed hs18 20895888 21186114 ZNF521
debuggroup textplace 50.55s placed hs18 70471906 70906616 ZNF407
debuggroup textplace 50.55s placed hs18 7557816 8396852 PTPRM
debuggroup textplace 50.55s placed hs21 40306212 41140909 DSCAM
debuggroup textplace 50.56s not_placed hs2 180014964 180434312 ZNF533
debuggroup textplace 50.56s placed hs2 43311478 43676617 THADA
debuggroup textplace 50.56s placed hs3 129355002 129610178 EEFSEC
debuggroup textplace 50.56s placed hs3 21437672 21767820 ZNF659
debuggroup textplace 50.56s placed hs4 143168631 143987054 INPP4B
debuggroup textplace 50.56s not_placed hs5 169713458 170096212 KCNIP1
debuggroup textplace 50.56s placed hs5 75734904 76039711 IQGAP2
debuggroup textplace 50.57s placed hs6 25387626 25728737 LRRC16
debuggroup textplace 50.57s not_placed hs7 103756339 104336237 LHFPL3
debuggroup textplace 50.57s not_placed hs10 26263007 26541471 MYO3A
debuggroup textplace 50.57s placed hs11 112337204 112641127 NCAM1
debuggroup textplace 50.57s placed hs11 114549554 114880451 CADM1
debuggroup textplace 50.57s placed hs11 131790086 132318247 OPCML
debuggroup textplace 50.57s placed hs11 95351087 95715992 MAML2
debuggroup textplace 50.57s placed hs12 29545025 29828959 TMTC1
debuggroup textplace 50.58s placed hs12 70952729 71345688 TRHDE
debuggroup textplace 50.58s placed hs12 81605064 82052194 TMTC2
debuggroup textplace 50.58s placed hs15 69905414 70197476 MYO9A
debuggroup textplace 50.58s placed hs18 45603098 45975382 MYO5B
debuggroup textplace 50.58s placed hs1 174180590 174442993 RFWD2
debuggroup textplace 50.58s placed hs1 183970305 184426708 HMCN1
debuggroup textplace 50.59s placed hs1 41748271 42156782 HIVEP3
debuggroup textplace 50.59s placed hs21 21292503 21833085 NCAM2
debuggroup textplace 50.59s not_placed hs2 170742900 171219231 MYO3B
debuggroup textplace 50.59s not_placed hs2 196772221 197165580 HECW2
debuggroup textplace 50.59s placed hs2 40192790 40510948 SLC8A1
debuggroup textplace 50.59s not_placed hs3 144466754 145049979 SLC9A9
debuggroup textplace 50.59s placed hs4 140856997 141294683 MAML3
debuggroup textplace 50.59s placed hs4 142006174 142274066 RNF150
debuggroup textplace 50.60s placed hs4 72271866 72656663 SLC4A4
debuggroup textplace 50.60s placed hs5 107223347 107745010 FBXL17
debuggroup textplace 50.60s not_placed hs5 110587980 110848645 CAMK4
debuggroup textplace 50.60s placed hs5 37415168 37788529 WDR70
debuggroup textplace 50.60s placed hs6 15354505 15630231 JARID2
debuggroup textplace 50.60s placed hs7 102240915 102502251 FBXL13
debuggroup textplace 50.61s not_placed hs7 33911047 34162009 BMPER
debuggroup textplace 50.61s placed hs7 43118722 43569463 HECW1
debuggroup textplace 50.61s placed hs8 40507269 40874500 ZMAT4
debuggroup textplace 50.61s placed hs8 89118575 89408833 MMP16
debuggroup textplace 50.61s placed hs8 89150576 89408833 MMP16
debuggroup textplace 50.61s placed hs9 72339785 72673794 TRPM3
debuggroup textplace 50.61s placed hs10 128584012 129140769 DOCK1
debuggroup textplace 50.62s placed hs10 35575958 35898672 C10orf9
debuggroup textplace 50.62s placed hs11 103283124 103540237 PDGFD
debuggroup textplace 50.62s placed hs11 75203859 75532929 UVRAG
debuggroup textplace 50.62s placed hs12 15366753 15641602 PTPRO
debuggroup textplace 50.62s placed hs12 61324030 61614932 PPM1H
debuggroup textplace 50.62s placed hs12 80177486 80677240 PPFIA2
debuggroup textplace 50.63s placed hs13 100902966 101166794 ITGBL1
debuggroup textplace 50.63s placed hs13 98243744 98536661 DOCK9
debuggroup textplace 50.63s placed hs15 41953021 42274721 FRMD5
debuggroup textplace 50.63s placed hs17 11442472 11813788 DNAH9
debuggroup textplace 50.63s placed hs17 61729387 62237324 PRKCA
debuggroup textplace 50.64s placed hs18 13208794 13642748 C18orf1
debuggroup textplace 50.64s placed hs1 237858995 238139338 CHRM3
debuggroup textplace 50.64s placed hs1 243979267 244647334 SMYD3
debuggroup textplace 50.64s placed hs1 33752195 34404030 CSMD2
debuggroup textplace 50.64s not_placed hs2 167468220 167824505 CMYA3
debuggroup textplace 50.64s not_placed hs2 185171337 185512457 C2orf10
debuggroup textplace 50.64s placed hs2 196310671 196641781 DNAH7
debuggroup textplace 50.64s placed hs2 44442606 44853233 C2orf34
debuggroup textplace 50.65s placed hs3 101019370 101380136 C3orf26
debuggroup textplace 50.65s not_placed hs3 160474237 161097833 SCHIP1
debuggroup textplace 50.65s placed hs3 50687675 51396668 DOCK3
debuggroup textplace 50.65s placed hs3 85858321 86200638 IGSF4D
debuggroup textplace 50.65s placed hs5 13745038 13997589 DNAH5
debuggroup textplace 50.65s placed hs5 168996870 169442959 DOCK2
debuggroup textplace 50.66s placed hs5 7449342 7883194 ADCY2
debuggroup textplace 50.66s not_placed hs5 92979530 93436221 C5orf21
debuggroup textplace 50.66s not_placed hs5 94068956 94442942 MCTP1
debuggroup textplace 50.66s placed hs6 128331624 128883416 PTPRK
debuggroup textplace 50.66s placed hs6 16407322 16869700 ATXN1
debuggroup textplace 50.66s placed hs6 38798529 39106545 DNAH8
debuggroup textplace 50.66s placed hs6 89376707 89730067 RNGTT
debuggroup textplace 50.66s placed hs7 111153400 111633698 DOCK4
debuggroup textplace 50.67s placed hs7 40141099 40866882 C7orf10
debuggroup textplace 50.67s placed hs8 113304332 114458558 CSMD3
debuggroup textplace 50.67s placed hs8 126173276 126448543 C8orf36
debuggroup textplace 50.67s placed hs8 131861728 132123854 ADCY8
debuggroup textplace 50.67s placed hs8 2782789 4839736 CSMD1
debuggroup textplace 50.68s placed hs8 69512701 69893810 C8orf34
debuggroup textplace 50.68s placed hs9 15543096 15961895 C9orf93
debuggroup textplace 50.68s placed hs9 17125037 17493915 C9orf39
debuggroup textplace 50.68s placed hs9 8304246 10602509 PTPRD
debuggroup textplace 50.68s placed hs9 85052126 85343168 FRMD3
debuggroup textplace 50.68s placed hs10 123738678 124004045 TACC2
debuggroup textplace 50.69s placed hs11 12652544 12922875 TEAD1
debuggroup textplace 50.69s placed hs11 2422796 2826915 KCNQ1
debuggroup textplace 50.69s placed hs11 2439259 2826915 KCNQ1
debuggroup textplace 50.69s placed hs11 30843061 31105751 DCDC5
debuggroup textplace 50.69s placed hs11 98397080 99732682 CNTN5
debuggroup textplace 50.69s placed hs12 39372624 39750361 CNTN1
debuggroup textplace 50.70s placed hs13 65774967 66702464 PCDH9
debuggroup textplace 50.70s placed hs13 70910098 71339331 DACH1
debuggroup textplace 50.70s placed hs13 94470090 94751684 ABCC4
debuggroup textplace 50.70s placed hs14 29115439 29466650 PRKD1
debuggroup textplace 50.70s placed hs14 31100428 31399259 NUBPL
debuggroup textplace 50.70s placed hs14 31868273 32372018 AKAP6
debuggroup textplace 50.71s placed hs14 62243699 62581708 KCNH5
debuggroup textplace 50.71s placed hs14 62248710 62638337 KCNH5
debuggroup textplace 50.71s placed hs14 77939845 79400511 NRXN3
debuggroup textplace 50.71s placed hs14 78815434 79400511 NRXN3
debuggroup textplace 50.71s placed hs14 90076685 90352514 TTC7B
debuggroup textplace 50.72s placed hs15 69220841 69862776 THSD4
debuggroup textplace 50.72s placed hs15 86220991 86600665 NTRK3
debuggroup textplace 50.72s placed hs15 86321598 86600665 NTRK3
debuggroup textplace 50.72s placed hs17 28364220 28644119 ACCN1
debuggroup textplace 50.72s placed hs18 19523559 19789025 LAMA3
debuggroup textplace 50.72s placed hs18 32131699 32614016 FHOD3
debuggroup textplace 50.73s placed hs18 74930384 75239268 ATP9B
debuggroup textplace 50.73s placed hs1 107484267 107825994 NTNG1
debuggroup textplace 50.73s placed hs1 188333419 188713382 FAM5C
debuggroup textplace 50.73s placed hs1 194461535 194844122 KCNT2
debuggroup textplace 50.73s placed hs1 208923177 209374080 KCNH1
debuggroup textplace 50.73s placed hs1 243384909 243933051 KIF26B
debuggroup textplace 50.74s placed hs1 39319704 39725376 MACF1
debuggroup textplace 50.74s placed hs20 40134805 41251971 PTPRT
debuggroup textplace 50.74s not_placed hs2 144420051 144806499 GTDC1
debuggroup textplace 50.74s not_placed hs2 144420052 144768530 GTDC1
debuggroup textplace 50.74s placed hs2 159533391 159797414 TANC1
debuggroup textplace 50.74s not_placed hs2 162936162 163403486 KCNH7
debuggroup textplace 50.74s not_placed hs2 162988004 163403486 KCNH7
debuggroup textplace 50.74s not_placed hs2 1771891 2314052 MYT1L
debuggroup textplace 50.74s placed hs2 239634800 239987580 HDAC4
debuggroup textplace 50.74s not_placed hs2 45732546 46268632 PRKCE
debuggroup textplace 50.74s placed hs2 50000991 50428398 NRXN1
debuggroup textplace 50.75s placed hs3 1109628 1420277 CNTN6
debuggroup textplace 50.75s placed hs3 117011839 117647068 LSAMP
debuggroup textplace 50.75s placed hs3 125296274 125721388 KALRN
debuggroup textplace 50.75s placed hs3 19165020 19552139 KCNH8
debuggroup textplace 50.75s placed hs3 2117246 3074644 CNTN4
debuggroup textplace 50.75s not_placed hs3 29297946 30007812 RBMS3
debuggroup textplace 50.76s not_placed hs3 61522284 62254737 PTPRG
debuggroup textplace 50.76s not_placed hs3 62359061 62836094 CADPS
debuggroup textplace 50.76s not_placed hs3 74394411 74653033 CNTN3
debuggroup textplace 50.76s not_placed hs3 77171983 77779351 ROBO2
debuggroup textplace 50.76s not_placed hs3 78729079 79151264 ROBO1
debuggroup textplace 50.76s not_placed hs4 102930786 103214992 BANK1
debuggroup textplace 50.76s not_placed hs4 102954005 103214992 BANK1
debuggroup textplace 50.76s placed hs4 40510995 40911245 APBB2
debuggroup textplace 50.76s placed hs4 43871029 44145581 KCTD8
debuggroup textplace 50.76s placed hs5 16715015 16989385 MYO10
debuggroup textplace 50.76s placed hs5 31834787 32146794 PDZD2
debuggroup textplace 50.76s placed hs5 65927931 66318107 MAST4
debuggroup textplace 50.77s placed hs5 66160359 66498848 MAST4
debuggroup textplace 50.77s not_placed hs5 82409072 82685333 XRCC4
debuggroup textplace 50.77s placed hs6 124166767 125188483 TCBA1
debuggroup textplace 50.77s placed hs6 129245978 129879401 LAMA2
debuggroup textplace 50.77s placed hs6 163068153 163656514 PACRG
debuggroup textplace 50.77s not_placed hs6 163068991 163656514 PACRG
debuggroup textplace 50.77s placed hs6 38244204 38671821 BTBD9
debuggroup textplace 50.78s placed hs6 51588103 52060382 PKHD1
debuggroup textplace 50.78s placed hs6 51693605 52060382 PKHD1
debuggroup textplace 50.78s placed hs6 73388555 73962300 KCNQ5
debuggroup textplace 50.78s placed hs7 119700957 120177623 KCND2
debuggroup textplace 50.78s placed hs7 18502409 18841796 HDAC9
debuggroup textplace 50.78s placed hs7 68702254 69895790 AUTS2
debuggroup textplace 50.79s placed hs7 8440109 8759117 NXPH1
debuggroup textplace 50.79s placed hs8 106400322 106885941 ZFPM2
debuggroup textplace 50.79s placed hs8 133210438 133562186 KCNQ3
debuggroup textplace 50.79s placed hs8 35521451 35771722 UNC5D
debuggroup textplace 50.79s placed hs8 52394689 52884558 PXDNL
debuggroup textplace 50.79s placed hs8 73612179 74013136 KCNB2
debuggroup textplace 50.80s placed hs8 87947791 88464071 CNBD1
debuggroup textplace 50.80s placed hs9 111442892 111753576 PALM2
debuggroup textplace 50.80s placed hs9 118227327 118489334 ASTN2
debuggroup textplace 50.80s placed hs10 34440103 35143929 PARD3
debuggroup textplace 50.80s placed hs10 52420950 53725280 PRKG1
debuggroup textplace 50.80s placed hs10 52504239 53725280 PRKG1
debuggroup textplace 50.81s placed hs11 108041025 108316856 DDX10
debuggroup textplace 50.81s placed hs11 13940489 14246222 SPON1
debuggroup textplace 50.81s placed hs11 1447268 1742077 HCCA2
debuggroup textplace 50.81s placed hs12 20413463 20725148 PDE3A
debuggroup textplace 50.81s placed hs14 66043877 66718276 GPHN
debuggroup textplace 50.81s placed hs14 88692268 88953207 FOXN3
debuggroup textplace 50.82s placed hs16 17103683 17472239 XYLT1
debuggroup textplace 50.82s placed hs16 69398789 69822070 HYDIN
debuggroup textplace 50.82s placed hs16 71374288 71639775 ATBF1
debuggroup textplace 50.82s placed hs18 58533713 58798645 PHLPP
debuggroup textplace 50.82s placed hs1 18306826 18577563 IGSF21
debuggroup textplace 50.82s placed hs1 21005562 21375927 EIF4G3
debuggroup textplace 50.83s placed hs1 213862858 214663361 USH2A
debuggroup textplace 50.83s placed hs1 48825046 49283906 AGBL4
debuggroup textplace 50.83s placed hs1 66030780 66612849 PDE4B
debuggroup textplace 50.83s placed hs1 66031443 66612849 PDE4B
debuggroup textplace 50.83s not_placed hs1 66230977 66612849 PDE4B
debuggroup textplace 50.83s placed hs1 71641213 72520865 NEGR1
debuggroup textplace 50.84s placed hs20 51022283 51537372 TSHZ2
debuggroup textplace 50.84s placed hs21 31412606 31853161 TIAM1
debuggroup textplace 50.84s placed hs22 31999062 32646410 LARGE
debuggroup textplace 50.84s placed hs2 152899996 153214592 FMNL2
debuggroup textplace 50.84s not_placed hs2 159883737 160181305 BAZ2B
debuggroup textplace 50.84s placed hs2 182715427 183095498 PDE1A
debuggroup textplace 50.84s placed hs2 182740905 183095710 PDE1A
debuggroup textplace 50.85s placed hs2 232534536 232910152 DIS3L2
debuggroup textplace 50.85s placed hs2 62786636 63127123 EHBP1
debuggroup textplace 50.85s placed hs2 936554 1350389 SNTG2
debuggroup textplace 50.85s placed hs2 99565691 100089022 P51826
debuggroup textplace 50.85s placed hs3 121028237 121295203 GSK3B
debuggroup textplace 50.85s not_placed hs3 135996949 136461995 EPHB1
debuggroup textplace 50.85s placed hs3 161956689 162271507 PPM1L
debuggroup textplace 50.86s not_placed hs3 174598937 175483810 NLGN1
debuggroup textplace 50.86s not_placed hs3 39826306 40276808 MYRIP
debuggroup textplace 50.86s placed hs3 71087426 71715830 FOXP1
debuggroup textplace 50.86s not_placed hs3 71329725 71715830 FOXP1
debuggroup textplace 50.86s placed hs3 89239363 89532185 EPHA3
debuggroup textplace 50.86s not_placed hs3 98016114 98950476 EPHA6
debuggroup textplace 50.86s not_placed hs4 115968379 116254481 NDST4
debuggroup textplace 50.86s placed hs4 169654791 170086182 PALLD
debuggroup textplace 50.86s placed hs4 65872240 66218104 EPHA5
debuggroup textplace 50.86s not_placed hs4 96308711 96689185 UNC5C
debuggroup textplace 50.87s placed hs5 57914695 58183162 RAB3C
debuggroup textplace 50.87s placed hs5 58300622 58918081 PDE4D
debuggroup textplace 50.87s placed hs5 72957738 73243284 RGNEF
debuggroup textplace 50.87s placed hs5 81303629 81586524 ATG10
debuggroup textplace 50.87s placed hs6 101063329 101435945 ASCC3
debuggroup textplace 50.87s placed hs6 136214526 136558401 PDE7B
debuggroup textplace 50.88s placed hs6 161689663 163068790 PARK2
debuggroup textplace 50.88s placed hs6 90692968 91063182 BACH2
debuggroup textplace 50.88s placed hs7 113842287 114118328 FOXP2
debuggroup textplace 50.88s not_placed hs7 31795772 32077516 PDE1C
debuggroup textplace 50.88s not_placed hs7 33135676 33612205 PTHB1
debuggroup textplace 50.88s placed hs8 116489899 116750402 TRPS1
debuggroup textplace 50.88s placed hs8 121619226 121893910 SNTB1
debuggroup textplace 50.88s placed hs8 131133534 131483399 DDEF1
debuggroup textplace 50.89s placed hs8 50987149 51867980 SNTG1
debuggroup textplace 50.89s placed hs9 20334967 20612450 P42568
debuggroup textplace 50.89s placed hs10 131155455 131455356 MGMT
debuggroup textplace 50.89s placed hs12 109956211 110272739 CUTL2
debuggroup textplace 50.89s placed hs12 37332268 37585687 CPNE8
debuggroup textplace 50.89s placed hs13 99056936 99342824 CLYBL
debuggroup textplace 50.90s placed hs14 32478209 33340702 NPAS3
debuggroup textplace 50.90s placed hs14 32478273 33340065 NPAS3
debuggroup textplace 50.90s placed hs14 63389435 63762918 SYNE2
debuggroup textplace 50.90s placed hs16 81218078 82387698 CDH13
debuggroup textplace 50.90s placed hs17 43565800 43862593 SKAP1
debuggroup textplace 50.91s placed hs17 56109953 56824981 BCAS3
debuggroup textplace 50.91s placed hs18 22749613 23019279 CHST9
debuggroup textplace 50.91s placed hs18 55252128 55515570 CCBE1
debuggroup textplace 50.91s placed hs1 113734997 114030068 MAGI3
debuggroup textplace 50.91s placed hs20 17155630 17413220 PCSK2
debuggroup textplace 50.91s placed hs21 37918656 38210566 KCNJ6
debuggroup textplace 50.92s placed hs2 114916368 116318406 DPP10
debuggroup textplace 50.92s placed hs2 115636201 116318406 DPP10
debuggroup textplace 50.92s not_placed hs2 188865634 189168895 GULP1
debuggroup textplace 50.92s placed hs2 211948686 213111597 ERBB4
debuggroup textplace 50.92s placed hs2 33025895 33478077 LTBP1
debuggroup textplace 50.92s placed hs2 33213180 33478077 LTBP1
debuggroup textplace 50.92s placed hs3 132736273 133236534 CPNE4
debuggroup textplace 50.93s not_placed hs3 137538688 137953935 STAG1
debuggroup textplace 50.93s placed hs3 55517375 56477431 CAST1
debuggroup textplace 50.93s placed hs3 65314946 65999549 MAGI1
debuggroup textplace 50.93s placed hs3 65319985 65999549 MAGI1
debuggroup textplace 50.93s placed hs4 62045433 62620762 LPHN3
debuggroup textplace 50.93s placed hs5 106744249 107034495 EFNA5
debuggroup textplace 50.94s placed hs5 19508913 20017046 CDH18
debuggroup textplace 50.94s placed hs5 21786910 22889488 CDH12
debuggroup textplace 50.94s not_placed hs5 77333906 77626284 AP3B1
debuggroup textplace 50.94s placed hs7 101246011 101713969 CUTL1
debuggroup textplace 50.94s placed hs7 101246022 101713969 CUTL1
debuggroup textplace 50.94s placed hs7 101247601 101680064 CUTL1
debuggroup textplace 50.94s not_placed hs7 28305464 28832034 CREB5
debuggroup textplace 50.94s not_placed hs7 28418668 28832034 CREB5
debuggroup textplace 50.94s not_placed hs7 28441758 28832034 CREB5
debuggroup textplace 50.94s placed hs7 70885850 71439896 CALN1
debuggroup textplace 50.95s placed hs7 77484309 78920826 MAGI2
debuggroup textplace 50.95s placed hs7 90176647 90677840 PFTK1
debuggroup textplace 50.95s placed hs9 77695440 77998155 PCSK5
debuggroup textplace 50.95s placed hs10 100208866 100985609 HPSE2
debuggroup textplace 50.95s placed hs11 24475131 25060758 LUZP2
debuggroup textplace 50.95s placed hs13 69172726 69580460 KLHL1
debuggroup textplace 50.96s placed hs14 41147093 41443498 LRFN5
debuggroup textplace 50.96s placed hs14 75197373 75491174 TTLL5
debuggroup textplace 50.96s placed hs15 54998124 55368004 TCF12
debuggroup textplace 50.96s placed hs1 61980736 62402177 INADL
debuggroup textplace 50.96s placed hs1 69998445 70361757 LRRC7
debuggroup textplace 50.96s placed hs20 8061295 8813545 PLCB1
debuggroup textplace 50.97s placed hs20 9024931 9409460 PLCB4
debuggroup textplace 50.97s not_placed hs2 140705465 142605740 LRP1B
debuggroup textplace 50.97s not_placed hs2 168518776 168812351 STK39
debuggroup textplace 50.97s not_placed hs3 159310585 159745268 RSRC1
debuggroup textplace 50.97s not_placed hs3 190831909 191097756 TP73L
debuggroup textplace 50.97s not_placed hs4 149219369 149582973 NR3C2
debuggroup textplace 50.97s placed hs4 53433908 53926999 SCFD2
debuggroup textplace 50.97s placed hs4 79198119 79684447 FRAS1
debuggroup textplace 50.97s placed hs5 15553304 15992900 FBXL7
debuggroup textplace 50.97s placed hs5 53216370 53642160 ARL15
debuggroup textplace 50.98s placed hs5 80751428 81082828 SSBP2
debuggroup textplace 50.98s placed hs5 89890372 90495788 GPR98
debuggroup textplace 50.98s placed hs6 107580455 107887448 PDSS2
debuggroup textplace 50.98s placed hs6 5206582 5716815 FARS2
debuggroup textplace 50.98s placed hs10 114196745 114568491 VTI1A
debuggroup textplace 50.99s placed hs10 87349291 88116230 GRID1
debuggroup textplace 50.99s placed hs10 95743735 96078136 PLCE1
debuggroup textplace 50.99s placed hs11 20647711 21553576 NELL1
debuggroup textplace 50.99s placed hs12 32151451 32422407 BICD1
debuggroup textplace 50.99s placed hs12 43188331 43556405 NELL2
debuggroup textplace 50.99s placed hs18 52469613 52848034 WDR7
debuggroup textplace 50.99s placed hs2 61268094 61551353 USP34
debuggroup textplace 51.00s placed hs4 93444830 94912671 GRID2
debuggroup textplace 51.00s placed hs6 72653370 73169228 RIMS1
debuggroup textplace 51.00s placed hs7 27836720 28186962 JAZF1
debuggroup textplace 51.00s placed hs8 104582151 105334627 RIMS2
debuggroup textplace 51.00s placed hs8 104900591 105334627 RIMS2
debuggroup textplace 51.01s placed hs10 311431 725606 DIP2C
debuggroup textplace 51.01s placed hs10 59942909 60258851 BICC1
debuggroup textplace 51.01s placed hs11 104986009 105289441 GRIA4
debuggroup textplace 51.01s placed hs11 104986844 105358029 GRIA4
debuggroup textplace 51.01s placed hs11 120036237 120362179 GRIK4
debuggroup textplace 51.01s placed hs12 26379553 26877398 ITPR2
debuggroup textplace 51.02s placed hs12 65029065 65359020 GRIP1
debuggroup textplace 51.02s placed hs13 38815029 39075356 LHFP
debuggroup textplace 51.02s placed hs13 73158150 73606067 KLF12
debuggroup textplace 51.02s placed hs18 30327278 30663292 DTNA
debuggroup textplace 51.02s placed hs1 170077260 170648479 DNM3
debuggroup textplace 51.02s placed hs1 97315887 98159203 DPYD
debuggroup textplace 51.02s placed hs21 29831126 30234153 GRIK1
debuggroup textplace 51.03s placed hs21 29847736 30234153 GRIK1
debuggroup textplace 51.03s not_placed hs2 169021080 169339398 LASS6
debuggroup textplace 51.03s placed hs2 25453615 25750007 DTNB
debuggroup textplace 51.03s placed hs2 32435599 32697469 BIRC6
debuggroup textplace 51.03s placed hs3 193342423 193608706 FGF12
debuggroup textplace 51.03s not_placed hs3 24134709 24511317 THRB
debuggroup textplace 51.03s not_placed hs3 37468816 37836283 ITGA9
debuggroup textplace 51.03s not_placed hs3 4510033 4864286 ITPR1
debuggroup textplace 51.03s placed hs4 162524500 163304636 FSTL5
debuggroup textplace 51.04s placed hs5 132560050 132976122 FSTL4
debuggroup textplace 51.04s placed hs5 152850498 153171354 GRIA1
debuggroup textplace 51.04s placed hs6 101953674 102623474 GRIK2
debuggroup textplace 51.04s placed hs6 123579181 123999641 TRDN
debuggroup textplace 51.04s not_placed hs6 1569040 2190845 GMDS
debuggroup textplace 51.04s placed hs7 14153769 14847413 DGKB
debuggroup textplace 51.04s not_placed hs7 14182141 14847413 DGKB
debuggroup textplace 51.05s placed hs9 102830851 103127237 PRG-3
debuggroup textplace 51.05s placed hs9 74326536 74641087 TMC1
debuggroup textplace 51.05s placed hs9 79525019 79836012 GNAQ
debuggroup textplace 51.05s placed hs9 96528814 96889261 C9orf3
debuggroup textplace 51.05s placed hs10 16905970 17211822 CUBN
debuggroup textplace 51.05s placed hs11 87880625 88420838 GRM5
debuggroup textplace 51.06s placed hs13 108046500 108658356 MYR8
debuggroup textplace 51.06s placed hs15 97010283 97325281 IGF1R
debuggroup textplace 51.06s placed hs16 45746798 46052516 ITFG1
debuggroup textplace 51.06s placed hs1 175096826 175400647 ASTN
debuggroup textplace 51.06s placed hs1 175104576 175400647 ASTN
debuggroup textplace 51.06s placed hs1 208568919 208916261 HHAT
debuggroup textplace 51.07s placed hs2 209997015 210307079 MAP2
debuggroup textplace 51.07s not_placed hs3 6877926 7758217 GRM7
debuggroup textplace 51.07s placed hs6 144654565 145215861 UTRN
debuggroup textplace 51.07s placed hs6 146392111 146800427 GRM1
debuggroup textplace 51.07s placed hs7 125865892 126670546 GRM8
debuggroup textplace 51.07s placed hs8 9949235 10323803 MSRA
debuggroup textplace 51.07s placed hs10 50696332 51041337 PARG
debuggroup textplace 51.08s placed hs13 34414455 35144872 NBEA
debuggroup textplace 51.08s placed hs13 42685703 43139655 PIG38
debuggroup textplace 51.08s placed hs13 99539337 99980687 PCCA
debuggroup textplace 51.08s placed hs15 30853636 31147377 FMN1
debuggroup textplace 51.08s placed hs18 65219270 65660359 DOK6
debuggroup textplace 51.08s not_placed hs1 238321603 238705106 FMN2
debuggroup textplace 51.08s placed hs1 241718157 242073176 AKT3
debuggroup textplace 51.09s not_placed hs1 241733106 242073176 AKT3
debuggroup textplace 51.09s placed hs2 229930589 230287530 DNER
debuggroup textplace 51.09s placed hs3 101034678 101316039 DOC1
debuggroup textplace 51.09s not_placed hs3 11289101 11571556 ATG7
debuggroup textplace 51.09s placed hs4 114190318 114524334 ANK2
debuggroup textplace 51.09s placed hs5 155686344 156117646 SGCD
debuggroup textplace 51.09s not_placed hs5 83273881 83716367 EDIL3
debuggroup textplace 51.09s placed hs7 143779975 144164079 TPK1
debuggroup textplace 51.09s placed hs8 10791066 11096285 XKR6
debuggroup textplace 51.10s placed hs8 56177570 56601262 XKR4
debuggroup textplace 51.10s placed hs8 97726674 98224897 PGCP
debuggroup textplace 51.10s placed hs10 83625076 84735340 NRG3
debuggroup textplace 51.10s placed hs11 19691487 20099722 NAV2
debuggroup textplace 51.10s placed hs12 76749199 77130921 NAV3
debuggroup textplace 51.10s placed hs15 25673615 26018053 OCA2
debuggroup textplace 51.11s placed hs15 71131927 71382835 NEO1
debuggroup textplace 51.11s placed hs16 51646445 51918914 CHD9
debuggroup textplace 51.11s placed hs16 60244735 60627537 CDH8
debuggroup textplace 51.11s placed hs1 178867795 179122102 XPR1
debuggroup textplace 51.11s placed hs1 57236166 58488799 DAB1
debuggroup textplace 51.11s not_placed hs1 64012277 64381640 ROR1
debuggroup textplace 51.11s placed hs20 59260953 59945694 CDH4
debuggroup textplace 51.12s placed hs20 9466036 9767522 PAK7
debuggroup textplace 51.12s placed hs2 133145841 134042501 NAP5
debuggroup textplace 51.12s not_placed hs4 151405045 152156329 LRBA
debuggroup textplace 51.12s placed hs4 183482130 183961171 ODZ3
debuggroup textplace 51.12s not_placed hs4 19864332 20229886 SLIT2
debuggroup textplace 51.12s placed hs5 167114518 167623740 ODZ2
debuggroup textplace 51.12s placed hs5 168025859 168660554 SLIT3
debuggroup textplace 51.13s placed hs5 45295109 45731977 HCN1
debuggroup textplace 51.13s not_placed hs7 106630226 106991721 COG5
debuggroup textplace 51.13s placed hs7 153215351 154316927 DPP6
debuggroup textplace 51.13s placed hs7 153380709 154316927 DPP6
debuggroup textplace 51.13s placed hs7 153633279 154316927 DPP6
debuggroup textplace 51.13s not_placed hs7 29200645 29520468 CHN2
debuggroup textplace 51.13s placed hs7 47281276 47545724 TNS3
debuggroup textplace 51.13s placed hs7 51051403 51351990 COBL
debuggroup textplace 51.14s not_placed hs7 82225377 82630133 PCLO
debuggroup textplace 51.14s not_placed hs7 82287731 82630133 PCLO
debuggroup textplace 51.14s placed hs8 141737682 142080514 PTK2
debuggroup textplace 51.14s placed hs8 31616809 32720310 NRG1
debuggroup textplace 51.14s placed hs9 16399501 16860786 BNC2
debuggroup textplace 51.14s not_placed hs9 3814127 4142183 GLIS3
debuggroup textplace 51.14s placed hs10 21114604 21503122 NEBL
debuggroup textplace 51.14s placed hs11 15948370 16380968 SOX6
debuggroup textplace 51.14s placed hs11 82843700 84312113 DLG2
debuggroup textplace 51.15s placed hs11 91724909 92269283 FAT3
debuggroup textplace 51.15s placed hs12 10924826 11215477 PRH1
debuggroup textplace 51.15s placed hs12 116375221 116777724 KSR2
debuggroup textplace 51.15s placed hs13 90848887 92317486 GPC5
debuggroup textplace 51.15s placed hs13 92677095 93853948 GPC6
debuggroup textplace 51.15s placed hs14 64947592 65279714 FUT8
debuggroup textplace 51.16s placed hs14 64949287 65279714 FUT8
debuggroup textplace 51.16s placed hs15 31390468 31945595 RYR3
debuggroup textplace 51.16s placed hs16 80036394 80302866 CMIP
debuggroup textplace 51.16s placed hs17 9094513 9420000 STX8
debuggroup textplace 51.16s placed hs17 9754650 10042593 GAS7
debuggroup textplace 51.16s placed hs18 29685061 30057444 NOL4
debuggroup textplace 51.17s placed hs18 51040559 51406858 TCF4
debuggroup textplace 51.17s placed hs1 162795560 163082933 PBX1
debuggroup textplace 51.17s not_placed hs1 235272324 236063911 RYR2
debuggroup textplace 51.17s not_placed hs1 240318894 240754621 PLD5
debuggroup textplace 51.17s placed hs20 44956915 45250897 EYA2
debuggroup textplace 51.17s placed hs22 31238539 31732683 SYN3
debuggroup textplace 51.17s placed hs3 172264365 172660546 TNIK
debuggroup textplace 51.17s not_placed hs3 41263093 41978664 ULK4
debuggroup textplace 51.17s not_placed hs3 81621540 81893640 GBE1
debuggroup textplace 51.18s placed hs4 16112261 16509425 LDB2
debuggroup textplace 51.18s placed hs4 48194136 48477073 FRYL
debuggroup textplace 51.18s placed hs5 127621500 127901634 FBN2
debuggroup textplace 51.18s placed hs5 14196828 14562450 TRIO
debuggroup textplace 51.18s placed hs6 133604187 133894358 EYA4
debuggroup textplace 51.18s placed hs7 102899472 103417198 RELN
debuggroup textplace 51.18s not_placed hs7 127079437 127519894 SND1
debuggroup textplace 51.19s placed hs7 136724925 137182149 DGKI
debuggroup textplace 51.19s placed hs7 151462944 151764023 MLL3
debuggroup textplace 51.19s placed hs7 3307605 4275155 SDK1
debuggroup textplace 51.19s placed hs8 118880782 119193239 EXT1
debuggroup textplace 51.19s placed hs8 13116454 13416766 DLC1
debuggroup textplace 51.19s placed hs8 13991744 15140163 SGCZ
debuggroup textplace 51.19s placed hs8 18429092 18710685 PSD3
debuggroup textplace 51.20s placed hs8 68496961 68821134 CPA6
debuggroup textplace 51.20s placed hs8 99536037 99907085 STK3
debuggroup textplace 51.20s placed hs9 116943917 117204744 DEC1
debuggroup textplace 51.20s placed hs14 71469585 72100407 RGS6
debuggroup textplace 51.20s placed hs17 24977090 25281144 SSH2
debuggroup textplace 51.20s placed hs17 47062672 47591131 CA10
debuggroup textplace 51.21s placed hs1 181871830 182164288 RGL1
debuggroup textplace 51.21s not_placed hs1 239005439 239587101 RGS7
debuggroup textplace 51.21s placed hs2 99530149 100088477 AFF3
debuggroup textplace 51.21s placed hs6 122834760 123089216 PKIB
debuggroup textplace 51.21s placed hs8 140811769 141537860 NIBP
debuggroup textplace 51.21s placed hs8 19305952 19584374 ChGn
debuggroup textplace 51.21s placed hs9 3214648 3515983 RFX3
debuggroup textplace 51.22s not_placed hs9 3237036 3515983 RFX3
debuggroup textplace 51.22s placed hs11 31487872 31761903 ELP4
debuggroup textplace 51.22s placed hs11 9756905 10272312 SBF2
debuggroup textplace 51.22s placed hs17 52688929 53112298 MSI2
debuggroup textplace 51.22s placed hs17 52689372 53065542 MSI2
debuggroup textplace 51.22s placed hs18 44824171 45241077 DYM
debuggroup textplace 51.23s placed hs1 50679522 51198524 FAF1
debuggroup textplace 51.23s placed hs1 61320882 61694617 NFIA
debuggroup textplace 51.23s placed hs2 29269145 29997936 ALK
debuggroup textplace 51.23s placed hs3 59710077 61212164 FHIT
debuggroup textplace 51.23s placed hs5 129268421 129550225 CSS3
debuggroup textplace 51.23s placed hs6 143423715 143703132 AIG1
debuggroup textplace 51.23s placed hs6 152170378 152466099 ESR1
debuggroup textplace 51.24s placed hs8 53185951 53484856 ST18
debuggroup textplace 51.24s placed hs10 75580970 76139065 ADK
debuggroup textplace 51.24s placed hs10 75606449 76139065 ADK
debuggroup textplace 51.24s not_placed hs5 112385694 112658511 MCC
debuggroup textplace 51.24s placed hs6 69402352 70156124 BAI3
debuggroup textplace 51.24s placed hs8 59880530 60194321 TOX
debuggroup textplace 51.24s placed hs11 130745580 131711925 HNT
debuggroup textplace 51.25s placed hs11 131285921 131711925 HNT
debuggroup textplace 51.25s placed hs18 38577189 38949655 RIT2
debuggroup textplace 51.25s placed hs1 92746841 93030549 EVI5
debuggroup textplace 51.25s not_placed hs2 179098965 179380395 TTN
debuggroup textplace 51.25s not_placed hs3 189413414 190080135 LPP
debuggroup textplace 51.25s placed hs6 39411908 39801159 KIF6
debuggroup textplace 51.25s placed hs18 48120568 49311780 DCC
debuggroup textplace 51.25s placed hs21 26174732 26465003 APP
debuggroup textplace 51.26s placed hs2 15224482 15618905 NAG
debuggroup textplace 51.26s placed hs3 108724479 109007395 BBX
debuggroup textplace 51.26s placed hs5 42459782 42757682 GHR
debuggroup textplace 51.26s placed hs7 41967074 42243137 GLI3
debuggroup textplace 51.26s placed hs16 52295375 52705882 FTO
debuggroup textplace 51.26s not_placed hs1 77520329 77798240 AK5
debuggroup textplace 51.26s not_placed hs1 77520874 77798240 AK5
debuggroup textplace 51.26s not_placed hs2 27966985 28415269 BRE
debuggroup textplace 51.26s not_placed hs2 27967060 28415269 BRE
debuggroup textplace 51.26s placed hs5 138310310 138561964 SIL1
debuggroup textplace 51.27s placed hs6 149110156 149439818 UST
debuggroup textplace 51.27s placed hs13 31503436 31768775 FRY
debuggroup textplace 51.27s placed hs5 158058005 158459347 EBF
debuggroup textplace 51.27s placed hs16 6009132 7700847 A21
debuggroup textplace 51.27s placed hs16 7322751 7702499 A21
debuggroup textplace 51.27s placed hs17 26446120 26728820 NF1
debuggroup textplace 51.28s placed hs5 108111421 108551272 FER
debuggroup textplace 51.28s placed hs7 116380616 116651191 ST7
debuggroup textplace 51.28s placed hs8 133948386 134216323 TG
debuggroup summary,output 51.28s generating output
debuggroup summary,output 52.27s created PNG image ./circos.png (1946 kb)
debuggroup summary,output 52.27s created SVG image ./circos.svg (876 kb)
debuggroup timer 52.27s report circos 52.195 s
debuggroup timer 52.27s report colorcache 0.005 s
debuggroup timer 52.27s report colordefinitions 0.154 s
debuggroup timer 52.27s report colorlists 0.011 s
debuggroup timer 52.27s report colorlookups 0.005 s
debuggroup timer 52.27s report colortransparency 0.554 s
debuggroup timer 52.27s report datarules 0.336 s
debuggroup timer 52.27s report highlights 0.000 s
debuggroup timer 52.27s report ideograms_draw 1.822 s
debuggroup timer 52.27s report ideograms_processing 0.021 s
debuggroup timer 52.27s report ideograms_ticks_draw 1.489 s
debuggroup timer 52.27s report ideograms_zoom 0.070 s
debuggroup timer 52.27s report io 0.099 s
debuggroup timer 52.27s report karyotype 0.256 s
debuggroup timer 52.27s report parameter_seek 1.741 s
debuggroup timer 52.27s report track_preprocess 0.001 s
debuggroup timer 52.27s report track_text_ashift 37.652 s
debuggroup timer 52.27s report track_text_ashiftiter 18.985 s
debuggroup timer 52.27s report track_text_draw 1.051 s
debuggroup timer 52.27s report track_text_place 46.025 s
debuggroup timer 52.27s report track_text_preashift 7.063 s
debuggroup timer 52.27s report track_text_preprocess 0.548 s
debuggroup timer 52.27s report track_text_refine 0.004 s
debuggroup timer 52.27s report unitconvert 0.021 s
debuggroup timer 52.27s report unitconvert_decision 0.002 s
debuggroup timer 52.27s report unitconvert_delegate 0.007 s
debuggroup timer 52.27s report unitparse 0.030 s
